\BOOKMARK [0][-]{chapter.1}{Introducci\363n y Motivaci\363n}{}% 1
\BOOKMARK [0][-]{chapter.2}{Antecedentes y estado actual}{}% 2
\BOOKMARK [1][-]{section.2.1}{Redes neuronales}{chapter.2}% 3
\BOOKMARK [1][-]{section.2.2}{Microcontroladores}{chapter.2}% 4
\BOOKMARK [1][-]{section.2.3}{Integraci\363n de redes neuronales en microcontroladores}{chapter.2}% 5
\BOOKMARK [0][-]{chapter.3}{An\341lisis de requisitos}{}% 6
\BOOKMARK [1][-]{section.3.1}{Requisitos funcionales y no funcionales}{chapter.3}% 7
\BOOKMARK [2][-]{subsection.3.1.1}{Requisitos funcionales}{section.3.1}% 8
\BOOKMARK [2][-]{subsection.3.1.2}{Requisitos no funcionales}{section.3.1}% 9
\BOOKMARK [1][-]{section.3.2}{An\341lisis de requisitos hardware}{chapter.3}% 10
\BOOKMARK [1][-]{section.3.3}{Planificaci\363n y presupuestaci\363n}{chapter.3}% 11
\BOOKMARK [2][-]{subsection.3.3.1}{Planificaci\363n}{section.3.3}% 12
\BOOKMARK [2][-]{subsection.3.3.2}{Presupuesto}{section.3.3}% 13
\BOOKMARK [0][-]{chapter.4}{Microcontrolador}{}% 14
\BOOKMARK [1][-]{section.4.1}{Planificaci\363n}{chapter.4}% 15
\BOOKMARK [2][-]{subsection.4.1.1}{Elecci\363n del microcontrolador}{section.4.1}% 16
\BOOKMARK [2][-]{subsection.4.1.2}{Elecci\363n de las tecnolog\355as}{section.4.1}% 17
\BOOKMARK [1][-]{section.4.2}{Dise\361o}{chapter.4}% 18
\BOOKMARK [2][-]{subsection.4.2.1}{Estructura del sketch}{section.4.2}% 19
\BOOKMARK [2][-]{subsection.4.2.2}{Servicio BLE}{section.4.2}% 20
\BOOKMARK [1][-]{section.4.3}{Implementaci\363n}{chapter.4}% 21
\BOOKMARK [2][-]{subsection.4.3.1}{Configuraci\363n BLE ladvien}{section.4.3}% 22
\BOOKMARK [2][-]{subsection.4.3.2}{Funci\363n 'setup\(\)'andriyadimw,petewardenmw}{section.4.3}% 23
\BOOKMARK [3][-]{subsubsection.4.3.2.1}{BLE e IMU setup}{subsection.4.3.2}% 24
\BOOKMARK [3][-]{subsubsection.4.3.2.2}{Setup de nuestro modelo}{subsection.4.3.2}% 25
\BOOKMARK [2][-]{subsection.4.3.3}{Funci\363n 'loop\(\)'andriyadimw,petewardenmw}{section.4.3}% 26
\BOOKMARK [0][-]{chapter.5}{Red Neuronal}{}% 27
\BOOKMARK [1][-]{section.5.1}{Dise\361o}{chapter.5}% 28
\BOOKMARK [1][-]{section.5.2}{Implementaci\363n}{chapter.5}% 29
\BOOKMARK [2][-]{subsection.5.2.1}{Preparativos}{section.5.2}% 30
\BOOKMARK [2][-]{subsection.5.2.2}{Entrenamiento}{section.5.2}% 31
\BOOKMARK [2][-]{subsection.5.2.3}{Testeo}{section.5.2}% 32
\BOOKMARK [2][-]{subsection.5.2.4}{Transformaci\363n a modelo cuantizado}{section.5.2}% 33
\BOOKMARK [2][-]{subsection.5.2.5}{Comparaci\363n de modelos}{section.5.2}% 34
\BOOKMARK [2][-]{subsection.5.2.6}{Integraci\363n en el sketch}{section.5.2}% 35
\BOOKMARK [0][-]{chapter.6}{Interfaz de usuario}{}% 36
\BOOKMARK [1][-]{section.6.1}{Dise\361o}{chapter.6}% 37
\BOOKMARK [1][-]{section.6.2}{Implementaci\363n}{chapter.6}% 38
\BOOKMARK [0][-]{chapter.7}{Herramientas}{}% 39
\BOOKMARK [0][-]{chapter.8}{Ap\351ndice}{}% 40
\BOOKMARK [1][-]{section.8.1}{Ap\351ndice de soluciones en implementaci\363n}{chapter.8}% 41
\BOOKMARK [2][-]{subsection.8.1.1}{Si la placa deja de ser detectada}{section.8.1}% 42
\BOOKMARK [2][-]{subsection.8.1.2}{El modelo de datos entrenado no respondeintro-tensor-micro}{section.8.1}% 43
\BOOKMARK [2][-]{subsection.8.1.3}{Error durante el entrenamiento}{section.8.1}% 44
\BOOKMARK [2][-]{subsection.8.1.4}{Error al cambiar el tama\361o de las secuencias de movimientos}{section.8.1}% 45
\BOOKMARK [2][-]{subsection.8.1.5}{Valores nulos al leer por Bluetooth QT}{section.8.1}% 46
\BOOKMARK [1][-]{section.8.2}{Ap\351ndice te\363rico}{chapter.8}% 47
\BOOKMARK [0][-]{chapter.9}{Validaci\363n}{}% 48
\BOOKMARK [0][-]{chapter.10}{Trabajos futuros}{}% 49
\BOOKMARK [0][-]{chapter.11}{Conclusiones}{}% 50
